DateTime|TF|SurfTermo|SurfTermoEqu|TermoSBE|ConductSBE|ScSBE|ScSBEequ|WaterIR|AirIR|Lat|Lon|Speed|Cours
16.07.2023  00:00:02|S|000.000000|000.000000|007.154200|007.407300|119.695483|095.309262|000.000000|000.000000|00.000000|000.000000|000.00|00.00
16.07.2023  00:00:22|S|000.000000|000.000000|007.162400|007.407310|119.682946|095.299007|000.000000|000.000000|00.000000|000.000000|000.00|00.00
16.07.2023  00:00:32|S|000.000000|000.000000|007.171900|007.407310|119.646818|095.269455|000.000000|000.000000|00.000000|000.000000|000.00|00.00
16.07.2023  00:00:42|S|000.000000|000.000000|007.172500|007.407310|119.644541|095.267592|000.000000|000.000000|00.000000|000.000000|000.00|00.00
16.07.2023  00:00:52|S|000.000000|000.000000|007.161100|007.407320|119.706535|095.318303|000.000000|000.000000|00.000000|000.000000|000.00|00.00
16.07.2023  00:01:02|S|000.000000|000.000000|007.153300|007.407310|119.717544|095.327307|000.000000|000.000000|00.000000|000.000000|000.00|00.00
16.07.2023  00:01:12|S|000.000000|000.000000|007.144900|007.407310|119.749530|095.353472|000.000000|000.000000|00.000000|000.000000|000.00|00.00
16.07.2023  00:01:22|S|000.000000|000.000000|007.146100|007.407300|119.726304|095.334473|000.000000|000.000000|00.000000|000.000000|000.00|00.00
16.07.2023  00:01:32|S|000.000000|000.000000|007.139900|007.407300|119.749926|095.353796|000.000000|000.000000|00.000000|000.000000|000.00|00.00
16.07.2023  00:01:42|S|000.000000|000.000000|007.136300|007.407300|119.763613|095.364992|000.000000|000.000000|00.000000|000.000000|000.00|00.00
16.07.2023  00:01:52|S|000.000000|000.000000|007.135800|007.407300|119.765519|095.366551|000.000000|000.000000|00.000000|000.000000|000.00|00.00
16.07.2023  00:02:02|S|000.000000|000.000000|007.144200|007.407310|119.752187|095.355645|000.000000|000.000000|00.000000|000.000000|000.00|00.00
16.07.2023  00:02:12|S|000.000000|000.000000|007.146900|007.407320|119.760571|095.362503|000.000000|000.000000|00.000000|000.000000|000.00|00.00
16.07.2023  00:02:22|S|000.000000|000.000000|007.154300|007.407320|119.732398|095.339458|000.000000|000.000000|00.000000|000.000000|000.00|00.00
16.07.2023  00:02:32|S|000.000000|000.000000|007.160700|007.407310|119.689413|095.304297|000.000000|000.000000|00.000000|000.000000|000.00|00.00
16.07.2023  00:05:22|S|000.000000|000.000000|007.158700|007.407320|119.715659|095.325766|00.000000|000.000000|000.00|00.00
16.07.2023  00:05:32|S|000.000000|000.000000|007.162000|007.407320|119.703104|095.315496|00.000000|000.000000|000.00|00.00
16.07.2023  00:09:42|G|000.000000|000.000000|007.215500|007.407430|119.704638|095.316751|000.000000|000.000000|51.847927|104.870773|000.00|262.30
16.07.2023  00:10:02|G|000.000000|000.000000|007.214100|007.407450|119.747174|095.351545|51.847927|104.870773|000.00|262.30
16.07.2023  00:10:12|G|000.000000|000.000000|007.212700|007.407450|119.752509|095.355909|51.847927|104.870773|000.00|261.70
16.07.2023  00:10:22|G|000.000000|000.000000|007.208900|007.407470|119.804181|095.398176|51.847923|104.870773|000.00|246.60
16.07.2023  00:10:32|G|000.000000|000.000000|007.203800|007.407450|119.786334|095.383577|51.847923|104.870773|000.00|246.60
16.07.2023  00:10:42|G|000.000000|000.000000|007.201800|007.407450|119.793942|095.389800|51.847923|104.870773|000.00|246.60
16.07.2023  00:10:52|G|000.000000|000.000000|007.195700|007.407450|119.817128|095.408766|51.847923|104.870781|000.00|242.70
16.07.2023  00:11:02|G|000.000000|000.000000|007.197700|007.407450|119.809523|095.402546|51.847919|104.870781|000.00|235.80
16.07.2023  00:11:12|G|000.000000|000.000000|007.201800|007.407430|119.756680|095.359320|51.847919|104.870781|000.00|235.80
16.07.2023  00:11:22|G|000.000000|000.000000|007.214800|007.407430|119.707291|095.318921|51.847919|104.870781|000.00|235.80
16.07.2023  00:11:32|G|000.000000|000.000000|007.224600|007.407440|119.688676|095.303694|51.847923|104.870781|000.00|243.90
16.07.2023  00:11:42|G|000.000000|000.000000|007.228300|007.407430|119.656047|095.277004|51.847923|104.870781|000.00|245.20
16.07.2023  00:11:52|G|000.000000|000.000000|007.239500|007.407450|119.650746|095.272668|51.847923|104.870781|000.00|245.20
16.07.2023  00:12:12|G|000.000000|000.000000|007.222100|007.407430|119.679581|095.296254|51.847923|104.870773|000.00|247.60
16.07.2023  00:12:22|G|000.000000|000.000000|007.220500|007.407450|119.722865|095.331660|51.847923|104.870773|000.00|246.80
16.07.2023  00:12:32|G|000.000000|000.000000|007.224600|007.407450|119.707299|095.318927|51.847923|104.870773|000.00|246.80
16.07.2023  00:12:42|G|000.000000|000.000000|007.223800|007.407450|119.710342|095.321417|51.847923|104.870773|000.00|246.80
16.07.2023  00:12:52|G|000.000000|000.000000|007.221900|007.407450|119.717557|095.327319|51.847923|104.870773|000.00|248.50
16.07.2023  00:13:02|G|000.000000|000.000000|007.223600|007.407450|119.711094|095.322032|51.847919|104.870773|000.00|241.80
16.07.2023  00:13:12|G|000.000000|000.000000|007.229900|007.407480|119.742998|095.348129|51.847919|104.870773|000.00|241.80
16.07.2023  00:13:22|G|000.000000|000.000000|007.204800|007.407470|119.819767|095.410925|51.847919|104.870773|000.00|241.80
16.07.2023  00:13:42|G|000.000000|000.000000|007.205400|007.407470|119.817491|095.409063|51.847916|104.870766|000.00|241.70
16.07.2023  00:13:52|G|000.000000|000.000000|007.203200|007.407470|119.825846|095.415897|51.847916|104.870766|000.00|241.70
16.07.2023  00:14:02|G|000.000000|000.000000|007.214800|007.407470|119.781736|095.379815|51.847916|104.870766|000.00|241.70
16.07.2023  00:14:12|G|000.000000|000.000000|007.218100|007.407470|119.769203|095.369564|51.847916|104.870766|000.00|241.10
16.07.2023  00:14:22|G|000.000000|000.000000|007.209400|007.407470|119.802252|095.396598|51.847919|104.870766|000.00|241.20
16.07.2023  00:14:32|G|000.000000|000.000000|007.208800|007.407470|119.804550|095.398477|51.847919|104.870766|000.00|241.20
16.07.2023  00:14:42|G|000.000000|000.000000|007.215100|007.407490|119.817833|095.409343|51.847919|104.870766|000.00|241.20
16.07.2023  00:14:52|G|000.000000|000.000000|007.221700|007.407490|119.792736|095.388814|51.847916|104.870758|000.00|241.40
16.07.2023  00:15:12|G|000.000000|000.000000|007.236500|007.407490|119.736510|095.342822|51.847912|104.870758|000.00|234.70
16.07.2023  00:15:32|G|000.000000|000.000000|007.246300|007.407500|119.717920|095.327615|51.847916|104.870766|000.00|238.10
16.07.2023  00:15:42|G|000.000000|000.000000|007.244100|007.407480|119.689091|095.304033|51.847912|104.870766|000.00|231.60
16.07.2023  00:15:52|G|000.000000|000.000000|007.238200|007.407490|119.730093|095.337572|51.847912|104.870766|000.00|231.60
16.07.2023  00:16:02|G|000.000000|000.000000|007.238300|007.407520|119.785495|095.382891|51.847912|104.870766|000.00|231.60
16.07.2023  00:16:12|G|000.000000|000.000000|007.238700|007.407490|119.728177|095.336006|51.847904|104.870758|000.00|236.30
16.07.2023  00:16:22|G|000.000000|000.000000|007.237000|007.407490|119.734625|095.341280|51.847904|104.870758|000.00|236.30
16.07.2023  00:16:32|G|000.000000|000.000000|007.232900|007.407520|119.806010|095.399672|51.847904|104.870758|000.00|236.30
16.07.2023  00:16:42|G|000.000000|000.000000|007.233400|007.407520|119.804110|095.398118|51.847904|104.870758|000.00|236.30
16.07.2023  00:16:52|G|000.000000|000.000000|007.235000|007.407520|119.798030|095.393144|51.847904|104.870758|000.00|236.80
16.07.2023  00:17:02|G|000.000000|000.000000|007.252900|007.407520|119.730065|095.337550|51.847908|104.870766|000.00|235.00
16.07.2023  00:17:12|G|000.000000|000.000000|007.258800|007.407520|119.707684|095.319242|51.847908|104.870766|000.00|235.00
16.07.2023  00:17:22|G|000.000000|000.000000|007.265200|007.407520|119.683406|095.299384|51.847908|104.870766|000.00|235.00
16.07.2023  00:17:32|G|000.000000|000.000000|007.227700|007.407540|119.862994|095.446284|51.847908|104.870758|000.00|236.50
16.07.2023  00:17:42|G|000.000000|000.000000|007.238600|007.407540|119.821557|095.412389|51.847908|104.870758|000.00|238.90
16.07.2023  00:17:52|G|000.000000|000.000000|007.244100|007.407540|119.800667|095.395301|51.847908|104.870758|000.00|238.90
16.07.2023  00:18:02|G|000.000000|000.000000|007.229900|007.407540|119.854609|095.439425|51.847908|104.870758|000.00|238.90
16.07.2023  00:18:12|G|000.000000|000.000000|007.221700|007.407530|119.867179|095.449707|51.847912|104.870758|000.00|241.00
16.07.2023  00:18:22|G|000.000000|000.000000|007.217100|007.407540|119.903286|095.479242|51.847916|104.870758|000.00|240.90
16.07.2023  00:18:32|G|000.000000|000.000000|007.216500|007.407550|119.924185|095.496337|51.847916|104.870758|000.00|240.90
16.07.2023  00:18:42|G|000.000000|000.000000|007.219700|007.407550|119.912016|095.486383|51.847916|104.870758|000.00|240.90
16.07.2023  00:19:02|G|000.000000|000.000000|007.233600|007.407560|119.877760|095.458362|51.847923|104.870758|000.00|251.40
16.07.2023  00:19:22|G|000.000000|000.000000|007.241900|007.407560|119.846206|095.432551|51.847923|104.870758|000.00|251.40
16.07.2023  00:19:32|G|000.000000|000.000000|007.238900|007.407540|119.820408|095.411449|51.847923|104.870758|000.00|251.10
16.07.2023  00:19:42|G|000.000000|000.000000|007.245800|007.407560|119.831400|095.420440|51.847923|104.870758|000.00|251.40
16.07.2023  00:20:02|G|000.000000|000.000000|007.252000|007.407560|119.807854|095.401180|51.847923|104.870758|000.00|251.40
16.07.2023  00:20:12|G|000.000000|000.000000|007.250200|007.407560|119.814676|095.406761|51.847931|104.870758|000.00|256.70
16.07.2023  00:20:32|G|000.000000|000.000000|007.251600|007.407580|119.846545|095.432829|51.847931|104.870766|000.00|270.00
16.07.2023  00:21:02|G|000.000000|000.000000|007.248900|007.407580|119.856817|095.441231|51.847935|104.870758|000.00|276.10
16.07.2023  00:21:12|G|000.000000|000.000000|007.226300|007.407580|119.942722|095.511500|51.847935|104.870758|000.00|276.10
16.07.2023  00:21:22|G|000.000000|000.000000|007.253000|007.407600|119.878411|095.458895|51.847935|104.870758|000.00|276.10
16.07.2023  00:21:32|G|000.000000|000.000000|007.246400|007.407580|119.866305|095.448992|51.847939|104.870766|000.00|283.10
16.07.2023  00:21:42|G|000.000000|000.000000|007.248400|007.407580|119.858709|095.442779|51.847942|104.870766|000.00|293.20
16.07.2023  00:21:52|G|000.000000|000.000000|007.251900|007.407580|119.845415|095.431904|51.847942|104.870766|000.00|293.20
16.07.2023  00:22:02|G|000.000000|000.000000|007.252000|007.407580|119.845033|095.431592|51.847942|104.870766|000.00|293.20
16.07.2023  00:22:12|G|000.000000|000.000000|007.252300|007.407600|119.881092|095.461087|51.847942|104.870773|000.00|297.20
16.07.2023  00:22:22|G|000.000000|000.000000|007.250500|007.407600|119.887914|095.466668|51.847939|104.870773|000.00|286.50
16.07.2023  00:22:42|G|000.000000|000.000000|007.242200|007.407600|119.919469|095.492479|51.847939|104.870773|000.00|286.50
16.07.2023  00:22:52|G|000.000000|000.000000|007.230900|007.407600|119.962438|095.527628|51.847939|104.870773|000.00|277.50
16.07.2023  00:23:02|G|000.000000|000.000000|007.230400|007.407600|119.964354|095.529195|51.847939|104.870773|000.00|285.10
16.07.2023  00:23:12|G|000.000000|000.000000|007.231100|007.407600|119.961689|095.527015|51.847939|104.870773|000.00|285.10
16.07.2023  00:23:22|G|000.000000|000.000000|007.214600|007.407600|120.024479|095.578376|51.847939|104.870773|000.00|285.10
16.07.2023  00:23:32|G|000.000000|000.000000|007.227200|007.407620|120.013747|095.569598|51.847942|104.870766|000.00|293.70
16.07.2023  00:23:52|G|000.000000|000.000000|007.222400|007.407600|119.994791|095.554092|51.847939|104.870773|000.00|285.10
16.07.2023  00:24:02|G|000.000000|000.000000|007.227300|007.407600|119.976157|095.538849|51.847939|104.870773|000.00|285.10
16.07.2023  00:24:12|G|000.000000|000.000000|007.234600|007.407600|119.948384|095.516131|51.847939|104.870773|000.00|285.10
16.07.2023  00:24:22|G|000.000000|000.000000|007.246800|007.407600|119.901991|095.478183|51.847939|104.870773|000.00|277.80
16.07.2023  00:24:32|G|000.000000|000.000000|007.240600|007.407600|119.925562|095.497463|51.847939|104.870773|000.00|277.80
16.07.2023  00:24:42|G|000.000000|000.000000|007.228200|007.407600|119.972730|095.536047|51.847939|104.870773|000.00|277.80
16.07.2023  00:24:52|G|000.000000|000.000000|007.213600|007.407600|120.028322|095.581520|51.847935|104.870773|000.00|277.70
16.07.2023  00:25:02|G|000.000000|000.000000|007.206700|007.407600|120.054610|095.603023|51.847935|104.870773|000.00|270.00
16.07.2023  00:25:12|G|000.000000|000.000000|007.189300|007.407590|120.102308|095.642039|51.847935|104.870773|000.00|270.00
16.07.2023  00:25:22|G|000.000000|000.000000|007.196200|007.407590|120.076002|095.620522|51.847935|104.870773|000.00|270.00
16.07.2023  00:25:42|G|000.000000|000.000000|007.184800|007.407570|120.082200|095.625591|51.847931|104.870766|000.00|266.30
16.07.2023  00:25:52|G|000.000000|000.000000|007.183800|007.407570|120.086013|095.628710|51.847931|104.870766|000.00|266.30
16.07.2023  00:26:02|G|000.000000|000.000000|007.184700|007.407550|120.045312|095.595418|51.847931|104.870766|000.00|266.30
16.07.2023  00:26:12|G|000.000000|000.000000|007.168500|007.407570|120.144389|095.676461|51.847931|104.870773|000.00|270.00
16.07.2023  00:26:22|G|000.000000|000.000000|007.166600|007.407550|120.114366|095.651903|51.847935|104.870773|000.00|270.00
16.07.2023  00:26:32|G|000.000000|000.000000|007.173900|007.407550|120.086500|095.629109|51.847935|104.870773|000.00|270.00
16.07.2023  00:26:42|G|000.000000|000.000000|007.173700|007.407550|120.087261|095.629731|51.847935|104.870773|000.00|270.00
16.07.2023  00:26:52|G|000.000000|000.000000|007.187800|007.407550|120.033507|095.585761|51.847935|104.870781|000.00|275.30
16.07.2023  00:27:02|G|000.000000|000.000000|007.197900|007.407550|119.995020|095.554279|51.847935|104.870781|000.00|279.80
16.07.2023  00:27:12|G|000.000000|000.000000|007.202700|007.407560|119.995362|095.554559|51.847935|104.870781|000.00|279.80
16.07.2023  00:27:22|G|000.000000|000.000000|007.229500|007.407540|119.856166|095.440699|51.847935|104.870781|000.00|279.80
16.07.2023  00:27:32|G|000.000000|000.000000|007.249900|007.407560|119.815863|095.407732|51.847935|104.870789|000.00|287.60
16.07.2023  00:27:42|G|000.000000|000.000000|007.248700|007.407560|119.820413|095.411453|51.847939|104.870789|000.00|298.00
16.07.2023  00:27:52|G|000.000000|000.000000|007.248800|007.407560|119.820030|095.411140|51.847939|104.870789|000.00|298.00
16.07.2023  00:28:02|G|000.000000|000.000000|007.247100|007.407560|119.826498|095.416431|51.847939|104.870789|000.00|298.00
16.07.2023  00:28:12|G|000.000000|000.000000|007.247700|007.407540|119.787032|095.384148|51.847935|104.870781|000.00|279.00
16.07.2023  00:28:22|G|000.000000|000.000000|007.250200|007.407560|119.814707|095.406786|51.847931|104.870773|000.00|270.00
16.07.2023  00:28:32|G|000.000000|000.000000|007.252300|007.407560|119.806732|095.400262|51.847931|104.870773|000.00|270.00
16.07.2023  00:28:42|G|000.000000|000.000000|007.253200|007.407580|119.840515|095.427896|51.847931|104.870773|000.00|270.00
16.07.2023  00:28:52|G|000.000000|000.000000|007.253400|007.407560|119.802553|095.396844|51.847935|104.870781|000.00|285.90
16.07.2023  00:29:02|G|000.000000|000.000000|007.244400|007.407580|119.873935|095.455234|51.847939|104.870789|000.00|294.80
16.07.2023  00:29:12|G|000.000000|000.000000|007.244500|007.407580|119.873553|095.454921|51.847939|104.870789|000.00|294.80
16.07.2023  00:29:22|G|000.000000|000.000000|007.245500|007.407580|119.869742|095.451803|51.847939|104.870789|000.00|294.80
16.07.2023  00:29:32|G|000.000000|000.000000|007.243400|007.407580|119.877717|095.458327|51.847939|104.870789|000.00|287.10
16.07.2023  00:29:52|G|000.000000|000.000000|007.252900|007.407580|119.841618|095.428799|51.847942|104.870781|000.00|307.60
16.07.2023  00:30:02|G|000.000000|000.000000|007.248000|007.407600|119.897427|095.474449|51.847942|104.870781|000.00|307.60
16.07.2023  00:30:12|G|000.000000|000.000000|007.245700|007.407580|119.868984|095.451183|51.847939|104.870781|000.00|288.60
16.07.2023  00:30:22|G|000.000000|000.000000|007.271300|007.407600|119.808939|095.402067|51.847939|104.870773|000.00|286.40
16.07.2023  00:30:32|G|000.000000|000.000000|007.265100|007.407620|119.869646|095.451725|51.847939|104.870773|000.00|286.40
16.07.2023  00:30:42|G|000.000000|000.000000|007.264200|007.407600|119.835890|095.424113|51.847939|104.870773|000.00|286.40
16.07.2023  00:30:52|G|000.000000|000.000000|007.250200|007.407620|119.926261|095.498035|51.847939|104.870766|000.00|283.70
16.07.2023  00:31:02|G|000.000000|000.000000|007.244600|007.407620|119.947560|095.515458|51.847939|104.870766|000.00|277.20
16.07.2023  00:31:12|G|000.000000|000.000000|007.246100|007.407620|119.941853|095.510789|51.847939|104.870766|000.00|277.20
16.07.2023  00:31:22|G|000.000000|000.000000|007.246700|007.407620|119.939564|095.508917|51.847939|104.870766|000.00|277.20
16.07.2023  00:31:32|G|000.000000|000.000000|007.246500|007.407620|119.940334|095.509546|51.847939|104.870773|000.00|277.50
16.07.2023  00:31:42|G|000.000000|000.000000|007.243500|007.407640|119.988936|095.549302|51.847935|104.870766|000.00|277.10
16.07.2023  00:31:52|G|000.000000|000.000000|007.241900|007.407640|119.995021|095.554280|51.847935|104.870766|000.00|277.10
16.07.2023  00:32:02|G|000.000000|000.000000|007.234600|007.407660|120.060008|095.607439|51.847935|104.870766|000.00|277.10
16.07.2023  00:32:12|G|000.000000|000.000000|007.225600|007.407640|120.057052|095.605020|51.847935|104.870773|000.00|278.50
16.07.2023  00:32:22|G|000.000000|000.000000|007.229200|007.407640|120.043346|095.593809|51.847935|104.870773|000.00|270.00
16.07.2023  00:32:32|G|000.000000|000.000000|007.240600|007.407640|119.999968|095.558327|51.847935|104.870773|000.00|270.00
16.07.2023  00:33:02|G|000.000000|000.000000|007.228200|007.407640|120.047157|095.596927|51.847931|104.870773|000.00|266.10
16.07.2023  00:33:12|G|000.000000|000.000000|007.228000|007.407640|120.047924|095.597554|51.847931|104.870773|000.00|266.10
16.07.2023  00:33:22|G|000.000000|000.000000|007.227200|007.407660|120.088185|095.630487|51.847931|104.870773|000.00|266.10
16.07.2023  00:33:32|G|000.000000|000.000000|007.227300|007.407640|120.050595|095.599739|51.847931|104.870766|000.00|266.60
16.07.2023  00:33:42|G|000.000000|000.000000|007.230000|007.407660|120.077521|095.621764|51.847931|104.870766|000.00|270.00
16.07.2023  00:33:52|G|000.000000|000.000000|007.237500|007.407660|120.048964|095.598405|51.847931|104.870766|000.00|270.00
16.07.2023  00:34:02|G|000.000000|000.000000|007.238300|007.407660|120.045911|095.595908|51.847931|104.870766|000.00|270.00
16.07.2023  00:34:12|G|000.000000|000.000000|007.236500|007.407640|120.015568|095.571087|51.847939|104.870766|000.00|277.10
16.07.2023  00:34:32|G|000.000000|000.000000|007.243000|007.407660|120.028031|095.581282|51.847935|104.870766|000.00|276.80
16.07.2023  00:34:42|G|000.000000|000.000000|007.245700|007.407660|120.017744|095.572867|51.847935|104.870766|000.00|276.80
16.07.2023  00:34:52|G|000.000000|000.000000|007.249200|007.407660|120.004438|095.561983|51.847931|104.870773|000.00|270.00
16.07.2023  00:35:02|G|000.000000|000.000000|007.247200|007.407660|120.012047|095.568207|51.847931|104.870773|000.00|270.00
16.07.2023  00:35:12|G|000.000000|000.000000|007.251700|007.407660|119.994927|095.554203|51.847931|104.870773|000.00|270.00
16.07.2023  00:35:22|G|000.000000|000.000000|007.254000|007.407680|120.023357|095.577459|51.847931|104.870773|000.00|270.00
16.07.2023  00:35:32|G|000.000000|000.000000|007.250200|007.407660|120.000635|095.558872|51.847935|104.870773|000.00|270.00
16.07.2023  00:35:42|G|000.000000|000.000000|007.242700|007.407680|120.066373|095.612645|51.847931|104.870781|000.00|270.00
