DateTime|TF|SurfTermo|SurfTermoEqu|TermoSBE|ConductSBE|ScSBE|ScSBEequ|WaterIR|AirIR|Lat|Lon|Speed|Cours
30.05.2023  22:53:00|S|000,000000|000,000000|003,391700|007,400270|120,842886|120,842886|000,000000|000,000000|00,000000|000,000000|000,00|00,00
30.05.2023  22:53:10|S|000,000000|000,000000|003,383700|007,400270|120,876495|120,876495|000,000000|000,000000|00,000000|000,000000|000,00|00,00
30.05.2023  22:53:20|S|000,000000|000,000000|003,388300|007,400250|120,815032|120,815032|000,000000|000,000000|00,000000|000,000000|000,00|00,00
30.05.2023  22:53:37|G|000,000000|000,000000|003,381900|007,400250|120,841751|120,841751|000,000000|000,000000|51,847851|104,954109|007,37|66,70
30.05.2023  22:53:50|S|000,000000|000,000000|003,386800|007,400270|120,863364|120,863364|000,000000|000,000000|00,000000|000,000000|000,00|00,00
30.05.2023  22:54:00|S|000,000000|000,000000|003,386700|007,400250|120,821715|120,821715|000,000000|000,000000|00,000000|000,000000|000,00|00,00
30.05.2023  22:54:10|S|000,000000|000,000000|003,371500|007,400230|120,843389|120,843389|000,000000|000,000000|00,000000|000,000000|000,00|00,00
30.05.2023  22:54:20|S|000,000000|000,000000|003,370200|007,400230|120,848803|120,848803|000,000000|000,000000|00,000000|000,000000|000,00|00,00
30.05.2023  22:54:30|S|000,000000|000,000000|003,369400|007,400250|120,894301|120,894301|000,000000|000,000000|00,000000|000,000000|000,00|00,00
30.05.2023  22:54:40|S|000,000000|000,000000|003,358700|007,400200|120,833763|120,833763|000,000000|000,000000|00,000000|000,000000|000,00|00,00
30.05.2023  22:54:50|S|000,000000|000,000000|003,340500|007,400180|120,867990|120,867990|000,000000|000,000000|00,000000|000,000000|000,00|00,00
30.05.2023  22:55:00|S|000,000000|000,000000|003,340900|007,400180|120,866279|120,866279|000,000000|000,000000|00,000000|000,000000|000,00|00,00
30.05.2023  22:55:10|S|000,000000|000,000000|003,336200|007,400180|120,886022|120,886022|000,000000|000,000000|00,000000|000,000000|000,00|00,00
30.05.2023  22:55:20|S|000,000000|000,000000|003,340700|007,400180|120,867107|120,867107|000,000000|000,000000|00,000000|000,000000|000,00|00,00
30.05.2023  22:55:30|S|000,000000|000,000000|003,330400|007,400180|120,910445|120,910445|000,000000|000,000000|00,000000|000,000000|000,00|00,00
30.05.2023  22:55:40|S|000,000000|000,000000|003,314700|007,400160|120,934138|120,934138|000,000000|000,000000|00,000000|000,000000|000,00|00,00
30.05.2023  22:55:50|S|000,000000|000,000000|003,321300|007,400160|120,906411|120,906411|000,000000|000,000000|00,000000|000,000000|000,00|00,00
30.05.2023  22:56:00|S|000,000000|000,000000|003,323600|007,400160|120,896774|120,896774|000,000000|000,000000|00,000000|000,000000|000,00|00,00
30.05.2023  22:56:10|S|000,000000|000,000000|003,320600|007,400160|120,909402|120,909402|000,000000|000,000000|00,000000|000,000000|000,00|00,00
30.05.2023  22:56:20|S|000,000000|000,000000|003,324500|007,400160|120,892993|120,892993|000,000000|000,000000|00,000000|000,000000|000,00|00,00
30.05.2023  22:56:30|S|000,000000|000,000000|003,325200|007,400160|120,890086|120,890086|000,000000|000,000000|00,000000|000,000000|000,00|00,00
30.05.2023  22:56:40|S|000,000000|000,000000|003,315700|007,400140|120,887718|120,887718|000,000000|000,000000|00,000000|000,000000|000,00|00,00
30.05.2023  22:56:50|S|000,000000|000,000000|003,311200|007,400160|120,948915|120,948915|000,000000|000,000000|00,000000|000,000000|000,00|00,00
30.05.2023  22:57:00|S|000,000000|000,000000|003,318200|007,400160|120,919436|120,919436|000,000000|000,000000|00,000000|000,000000|000,00|00,00
30.05.2023  22:57:10|S|000,000000|000,000000|003,318000|007,400160|120,920244|120,920244|000,000000|000,000000|00,000000|000,000000|000,00|00,00
30.05.2023  22:57:20|S|000,000000|000,000000|003,314500|007,400160|120,934930|120,934930|000,000000|000,000000|00,000000|000,000000|000,00|00,00
30.05.2023  22:57:30|S|000,000000|000,000000|003,312100|007,400140|120,902752|120,902752|000,000000|000,000000|00,000000|000,000000|000,00|00,00
30.05.2023  22:57:40|S|000,000000|000,000000|003,315900|007,400160|120,929032|120,929032|000,000000|000,000000|00,000000|000,000000|000,00|00,00
30.05.2023  22:57:50|S|000,000000|000,000000|003,319300|007,400160|120,914824|120,914824|000,000000|000,000000|00,000000|000,000000|000,00|00,00
30.05.2023  22:58:00|S|000,000000|000,000000|003,321100|007,400180|120,949419|120,949419|000,000000|000,000000|00,000000|000,000000|000,00|00,00
30.05.2023  22:58:10|S|000,000000|000,000000|003,317700|007,400160|120,921467|120,921467|000,000000|000,000000|00,000000|000,000000|000,00|00,00
30.05.2023  22:58:20|S|000,000000|000,000000|003,318300|007,400160|120,918962|120,918962|000,000000|000,000000|00,000000|000,000000|000,00|00,00
30.05.2023  22:58:30|S|000,000000|000,000000|003,320300|007,400180|120,952756|120,952756|000,000000|000,000000|00,000000|000,000000|000,00|00,00
30.05.2023  22:58:40|S|000,000000|000,000000|003,319300|007,400160|120,914656|120,914656|000,000000|000,000000|00,000000|000,000000|000,00|00,00
30.05.2023  22:58:50|S|000,000000|000,000000|003,319500|007,400180|120,956129|120,956129|000,000000|000,000000|00,000000|000,000000|000,00|00,00
30.05.2023  22:59:00|S|000,000000|000,000000|003,317800|007,400160|120,921056|120,921056|000,000000|000,000000|00,000000|000,000000|000,00|00,00
30.05.2023  22:59:10|S|000,000000|000,000000|003,314700|007,400180|120,976318|120,976318|000,000000|000,000000|00,000000|000,000000|000,00|00,00
30.05.2023  22:59:20|S|000,000000|000,000000|003,308800|007,400160|120,958797|120,958797|000,000000|000,000000|00,000000|000,000000|000,00|00,00
30.05.2023  22:59:30|S|000,000000|000,000000|003,306800|007,400180|121,009546|121,009546|000,000000|000,000000|00,000000|000,000000|000,00|00,00
30.05.2023  22:59:40|S|000,000000|000,000000|003,305100|007,400140|120,932193|120,932193|000,000000|000,000000|00,000000|000,000000|000,00|00,00
30.05.2023  22:59:50|S|000,000000|000,000000|003,306900|007,400140|120,924580|120,924580|000,000000|000,000000|00,000000|000,000000|000,00|00,00
30.05.2023  23:00:00|S|000,000000|000,000000|003,308000|007,400160|120,962163|120,962163|000,000000|000,000000|00,000000|000,000000|000,00|00,00
30.05.2023  23:00:10|S|000,000000|000,000000|003,308100|007,400180|121,004047|121,004047|000,000000|000,000000|00,000000|000,000000|000,00|00,00
30.05.2023  23:00:20|S|000,000000|000,000000|003,307200|007,400180|121,007855|121,007855|000,000000|000,000000|00,000000|000,000000|000,00|00,00
30.05.2023  23:00:30|S|000,000000|000,000000|003,307100|007,400160|120,965970|120,965970|000,000000|000,000000|00,000000|000,000000|000,00|00,00
30.05.2023  23:00:40|S|000,000000|000,000000|003,301000|007,400140|120,949350|120,949350|000,000000|000,000000|00,000000|000,000000|000,00|00,00
30.05.2023  23:00:50|S|000,000000|000,000000|003,302500|007,400160|120,985324|120,985324|000,000000|000,000000|00,000000|000,000000|000,00|00,00
30.05.2023  23:01:00|S|000,000000|000,000000|003,307100|007,400180|121,008293|121,008293|000,000000|000,000000|00,000000|000,000000|000,00|00,00
30.05.2023  23:01:10|S|000,000000|000,000000|003,315800|007,400180|120,971657|120,971657|000,000000|000,000000|00,000000|000,000000|000,00|00,00
30.05.2023  23:01:20|S|000,000000|000,000000|003,318800|007,400200|121,001248|121,001248|000,000000|000,000000|00,000000|000,000000|000,00|00,00
30.05.2023  23:01:30|S|000,000000|000,000000|003,382300|007,400330|121,008439|121,008439|000,000000|000,000000|00,000000|000,000000|000,00|00,00
30.05.2023  23:01:40|S|000,000000|000,000000|003,401800|007,400330|120,926535|120,926535|000,000000|000,000000|00,000000|000,000000|000,00|00,00
30.05.2023  23:01:50|S|000,000000|000,000000|003,413600|007,400350|120,919137|120,919137|000,000000|000,000000|00,000000|000,000000|000,00|00,00
30.05.2023  23:07:59|S|000.000000|000.000000|003.389900|007.400330|120.976499|096.357115|000.000000|000.000000|00.000000|000.000000|000.00|00.00
30.05.2023  23:08:09|S|000.000000|000.000000|003.389000|007.400330|120.980252|096.360185|000.000000|000.000000|00.000000|000.000000|000.00|00.00
30.05.2023  23:08:19|S|000.000000|000.000000|003.388800|007.400350|121.023233|096.395343|000.000000|000.000000|00.000000|000.000000|000.00|00.00
30.05.2023  23:08:29|S|000.000000|000.000000|003.393600|007.400310|120.918770|096.309894|000.000000|000.000000|00.000000|000.000000|000.00|00.00
30.05.2023  23:08:39|S|000.000000|000.000000|003.396200|007.400330|120.950078|096.335503|000.000000|000.000000|00.000000|000.000000|000.00|00.00
30.05.2023  23:08:49|S|000.000000|000.000000|003.388700|007.400310|120.939409|096.326777|000.000000|000.000000|00.000000|000.000000|000.00|00.00
30.05.2023  23:08:59|S|000.000000|000.000000|003.389600|007.400330|120.977790|096.358171|000.000000|000.000000|00.000000|000.000000|000.00|00.00
30.05.2023  23:09:09|S|000.000000|000.000000|003.389700|007.400330|120.977387|096.357842|000.000000|000.000000|00.000000|000.000000|000.00|00.00
30.05.2023  23:09:19|S|000.000000|000.000000|003.390700|007.400330|120.973156|096.354381|000.000000|000.000000|00.000000|000.000000|000.00|00.00
30.05.2023  23:09:29|S|000.000000|000.000000|003.386200|007.400310|120.949932|096.335384|000.000000|000.000000|00.000000|000.000000|000.00|00.00
30.05.2023  23:09:39|S|000.000000|000.000000|003.386700|007.400330|120.989946|096.368115|000.000000|000.000000|00.000000|000.000000|000.00|00.00
30.05.2023  23:09:49|S|000.000000|000.000000|003.388900|007.400330|120.980718|096.360567|000.000000|000.000000|00.000000|000.000000|000.00|00.00
30.05.2023  23:09:59|S|000.000000|000.000000|003.390100|007.400330|120.975612|096.356390|000.000000|000.000000|00.000000|000.000000|000.00|00.00
30.05.2023  23:10:09|S|000.000000|000.000000|003.391400|007.400330|120.970139|096.351913|000.000000|000.000000|00.000000|000.000000|000.00|00.00
30.05.2023  23:10:19|S|000.000000|000.000000|003.389300|007.400350|121.021150|096.393639|000.000000|000.000000|00.000000|000.000000|000.00|00.00
30.05.2023  23:10:29|S|000.000000|000.000000|003.391500|007.400350|121.011872|096.386050|000.000000|000.000000|00.000000|000.000000|000.00|00.00
30.05.2023  23:10:39|S|000.000000|000.000000|003.388600|007.400330|120.981961|096.361583|000.000000|000.000000|00.000000|000.000000|000.00|00.00
30.05.2023  23:10:49|S|000.000000|000.000000|003.391100|007.400330|120.971416|096.352958|000.000000|000.000000|00.000000|000.000000|000.00|00.00
30.05.2023  23:10:59|S|000.000000|000.000000|003.391900|007.400330|120.968080|096.350229|000.000000|000.000000|00.000000|000.000000|000.00|00.00
30.05.2023  23:11:09|S|000.000000|000.000000|003.394400|007.400350|120.999603|096.376014|000.000000|000.000000|00.000000|000.000000|000.00|00.00
30.05.2023  23:11:19|S|000.000000|000.000000|003.394100|007.400350|121.000903|096.377078|000.000000|000.000000|00.000000|000.000000|000.00|00.00
30.05.2023  23:11:29|S|000.000000|000.000000|003.396900|007.400350|120.989106|096.367428|000.000000|000.000000|00.000000|000.000000|000.00|00.00
30.05.2023  23:11:39|S|000.000000|000.000000|003.394100|007.400350|121.000938|096.377106|000.000000|000.000000|00.000000|000.000000|000.00|00.00
30.05.2023  23:11:49|S|000.000000|000.000000|003.393400|007.400330|120.961700|096.345010|000.000000|000.000000|00.000000|000.000000|000.00|00.00
30.05.2023  23:11:59|S|000.000000|000.000000|003.393200|007.400350|121.004742|096.380218|000.000000|000.000000|00.000000|000.000000|000.00|00.00
30.05.2023  23:12:09|S|000.000000|000.000000|003.392600|007.400330|120.965040|096.347742|000.000000|000.000000|00.000000|000.000000|000.00|00.00
30.05.2023  23:12:19|S|000.000000|000.000000|003.392800|007.400370|121.048493|096.416005|000.000000|000.000000|00.000000|000.000000|000.00|00.00
30.05.2023  23:12:29|S|000.000000|000.000000|003.393400|007.400330|120.961713|096.345021|000.000000|000.000000|00.000000|000.000000|000.00|00.00
30.05.2023  23:12:39|S|000.000000|000.000000|003.394800|007.400350|120.998087|096.374774|000.000000|000.000000|00.000000|000.000000|000.00|00.00
30.05.2023  23:12:49|S|000.000000|000.000000|003.396800|007.400350|120.989507|096.367756|000.000000|000.000000|00.000000|000.000000|000.00|00.00
30.05.2023  23:12:59|S|000.000000|000.000000|003.396700|007.400350|120.990027|096.368182|000.000000|000.000000|00.000000|000.000000|000.00|00.00
30.05.2023  23:13:09|S|000.000000|000.000000|003.396200|007.400350|120.992060|096.369844|000.000000|000.000000|00.000000|000.000000|000.00|00.00
30.05.2023  23:13:19|S|000.000000|000.000000|003.399000|007.400350|120.980320|096.360241|000.000000|000.000000|00.000000|000.000000|000.00|00.00
30.05.2023  23:13:29|S|000.000000|000.000000|003.400100|007.400370|121.017795|096.390895|000.000000|000.000000|00.000000|000.000000|000.00|00.00
30.05.2023  23:13:39|S|000.000000|000.000000|003.400700|007.400370|121.015308|096.388860|000.000000|000.000000|00.000000|000.000000|000.00|00.00
30.05.2023  23:13:49|S|000.000000|000.000000|003.402500|007.400370|121.007674|096.382616|000.000000|000.000000|00.000000|000.000000|000.00|00.00
30.05.2023  23:13:59|S|000.000000|000.000000|003.403300|007.400370|121.004366|096.379910|000.000000|000.000000|00.000000|000.000000|000.00|00.00
30.05.2023  23:14:09|S|000.000000|000.000000|003.400500|007.400370|121.016146|096.389546|000.000000|000.000000|00.000000|000.000000|000.00|00.00
30.05.2023  23:14:19|S|000.000000|000.000000|003.404800|007.400390|121.040197|096.409220|000.000000|000.000000|00.000000|000.000000|000.00|00.00
30.05.2023  23:14:29|S|000.000000|000.000000|003.402900|007.400390|121.048133|096.415711|000.000000|000.000000|00.000000|000.000000|000.00|00.00
30.05.2023  23:14:39|S|000.000000|000.000000|003.402400|007.400370|121.008105|096.382969|000.000000|000.000000|00.000000|000.000000|000.00|00.00
30.05.2023  23:14:49|S|000.000000|000.000000|003.391800|007.400370|121.052585|096.419353|000.000000|000.000000|00.000000|000.000000|000.00|00.00
30.05.2023  23:14:59|S|000.000000|000.000000|003.389300|007.400350|121.020997|096.393514|000.000000|000.000000|00.000000|000.000000|000.00|00.00
30.05.2023  23:15:09|S|000.000000|000.000000|003.382900|007.400330|121.005837|096.381113|000.000000|000.000000|00.000000|000.000000|000.00|00.00
30.05.2023  23:15:19|S|000.000000|000.000000|003.368700|007.400310|121.023300|096.395398|000.000000|000.000000|00.000000|000.000000|000.00|00.00
30.05.2023  23:15:29|S|000.000000|000.000000|003.365900|007.400310|121.035005|096.404972|000.000000|000.000000|00.000000|000.000000|000.00|00.00
30.05.2023  23:15:39|S|000.000000|000.000000|003.363200|007.400310|121.046397|096.414291|000.000000|000.000000|00.000000|000.000000|000.00|00.00
30.05.2023  23:15:49|S|000.000000|000.000000|003.342000|007.400270|121.051149|096.418178|000.000000|000.000000|00.000000|000.000000|000.00|00.00
30.05.2023  23:15:59|S|000.000000|000.000000|003.333800|007.400260|121.064558|096.429146|000.000000|000.000000|00.000000|000.000000|000.00|00.00
30.05.2023  23:16:09|S|000.000000|000.000000|003.331200|007.400240|121.033352|096.403620|000.000000|000.000000|00.000000|000.000000|000.00|00.00
30.05.2023  23:16:19|S|000.000000|000.000000|003.327500|007.400240|121.048849|096.416297|000.000000|000.000000|00.000000|000.000000|000.00|00.00
30.05.2023  23:16:29|S|000.000000|000.000000|003.327200|007.400240|121.050160|096.417369|000.000000|000.000000|00.000000|000.000000|000.00|00.00
30.05.2023  23:16:39|S|000.000000|000.000000|003.328500|007.400270|121.107930|096.464624|000.000000|000.000000|00.000000|000.000000|000.00|00.00
30.05.2023  23:16:49|S|000.000000|000.000000|003.325600|007.400240|121.056842|096.422835|000.000000|000.000000|00.000000|000.000000|000.00|00.00
30.05.2023  23:16:59|S|000.000000|000.000000|003.325400|007.400240|121.057747|096.423576|000.000000|000.000000|00.000000|000.000000|000.00|00.00
30.05.2023  23:17:09|S|000.000000|000.000000|003.308000|007.400200|121.046481|096.414360|000.000000|000.000000|00.000000|000.000000|000.00|00.00
30.05.2023  23:17:19|S|000.000000|000.000000|003.314600|007.400220|121.060935|096.426183|000.000000|000.000000|00.000000|000.000000|000.00|00.00
30.05.2023  23:17:29|S|000.000000|000.000000|003.312700|007.400200|121.026689|096.398170|000.000000|000.000000|00.000000|000.000000|000.00|00.00
30.05.2023  23:17:39|S|000.000000|000.000000|003.306300|007.400220|121.095848|096.454741|000.000000|000.000000|00.000000|000.000000|000.00|00.00
30.05.2023  23:17:49|S|000.000000|000.000000|003.302600|007.400200|121.069214|096.432955|000.000000|000.000000|00.000000|000.000000|000.00|00.00
30.05.2023  23:17:59|S|000.000000|000.000000|003.290300|007.400180|121.078745|096.440752|000.000000|000.000000|00.000000|000.000000|000.00|00.00
30.05.2023  23:18:09|S|000.000000|000.000000|003.288800|007.400180|121.085007|096.445874|000.000000|000.000000|00.000000|000.000000|000.00|00.00
30.05.2023  23:18:19|S|000.000000|000.000000|003.293500|007.400200|121.107576|096.464335|000.000000|000.000000|00.000000|000.000000|000.00|00.00
30.05.2023  23:18:29|S|000.000000|000.000000|003.292900|007.400200|121.110079|096.466382|000.000000|000.000000|00.000000|000.000000|000.00|00.00
30.05.2023  23:18:39|S|000.000000|000.000000|003.289900|007.400200|121.122644|096.476660|000.000000|000.000000|00.000000|000.000000|000.00|00.00
30.05.2023  23:18:49|S|000.000000|000.000000|003.288700|007.400180|121.085512|096.446286|000.000000|000.000000|00.000000|000.000000|000.00|00.00
30.05.2023  23:18:59|S|000.000000|000.000000|003.291400|007.400200|121.116429|096.471576|000.000000|000.000000|00.000000|000.000000|000.00|00.00
30.05.2023  23:19:09|S|000.000000|000.000000|003.297500|007.400200|121.090666|096.450503|000.000000|000.000000|00.000000|000.000000|000.00|00.00
30.05.2023  23:19:19|S|000.000000|000.000000|003.298800|007.400220|121.127563|096.480684|000.000000|000.000000|00.000000|000.000000|000.00|00.00
30.05.2023  23:19:29|S|000.000000|000.000000|003.296900|007.400200|121.093213|096.452586|000.000000|000.000000|00.000000|000.000000|000.00|00.00
30.05.2023  23:19:39|S|000.000000|000.000000|003.299000|007.400200|121.084394|096.445372|000.000000|000.000000|00.000000|000.000000|000.00|00.00
30.05.2023  23:19:49|S|000.000000|000.000000|003.291300|007.400200|121.116838|096.471911|000.000000|000.000000|00.000000|000.000000|000.00|00.00
30.05.2023  23:19:59|S|000.000000|000.000000|003.294100|007.400200|121.105082|096.462294|000.000000|000.000000|00.000000|000.000000|000.00|00.00
30.05.2023  23:20:09|S|000.000000|000.000000|003.287200|007.400180|121.091855|096.451475|000.000000|000.000000|00.000000|000.000000|000.00|00.00
30.05.2023  23:20:19|S|000.000000|000.000000|003.285500|007.400160|121.056621|096.422654|000.000000|000.000000|00.000000|000.000000|000.00|00.00
30.05.2023  23:20:29|S|000.000000|000.000000|003.289400|007.400180|121.082567|096.443878|000.000000|000.000000|00.000000|000.000000|000.00|00.00
30.05.2023  23:20:39|S|000.000000|000.000000|003.287300|007.400180|121.091378|096.451085|000.000000|000.000000|00.000000|000.000000|000.00|00.00
30.05.2023  23:20:49|S|000.000000|000.000000|003.285300|007.400180|121.099820|096.457991|000.000000|000.000000|00.000000|000.000000|000.00|00.00
30.05.2023  23:20:59|S|000.000000|000.000000|003.279000|007.400160|121.084077|096.445113|000.000000|000.000000|00.000000|000.000000|000.00|00.00
30.05.2023  23:21:09|S|000.000000|000.000000|003.272400|007.400160|121.111853|096.467834|000.000000|000.000000|00.000000|000.000000|000.00|00.00
30.05.2023  23:21:19|S|000.000000|000.000000|003.272600|007.400160|121.110958|096.467101|000.000000|000.000000|00.000000|000.000000|000.00|00.00
30.05.2023  23:21:29|S|000.000000|000.000000|003.271700|007.400140|121.072510|096.435651|000.000000|000.000000|00.000000|000.000000|000.00|00.00
30.05.2023  23:21:39|S|000.000000|000.000000|003.271600|007.400160|121.115186|096.470560|000.000000|000.000000|00.000000|000.000000|000.00|00.00
30.05.2023  23:21:49|S|000.000000|000.000000|003.270400|007.400160|121.120248|096.474700|000.000000|000.000000|00.000000|000.000000|000.00|00.00
30.05.2023  23:21:59|S|000.000000|000.000000|003.266600|007.400160|121.136266|096.487802|000.000000|000.000000|00.000000|000.000000|000.00|00.00
30.05.2023  23:22:09|S|000.000000|000.000000|003.266900|007.400160|121.135053|096.486811|000.000000|000.000000|00.000000|000.000000|000.00|00.00
30.05.2023  23:22:19|S|000.000000|000.000000|003.265900|007.400160|121.139269|096.490259|000.000000|000.000000|00.000000|000.000000|000.00|00.00
30.05.2023  23:22:29|S|000.000000|000.000000|003.260700|007.400140|121.118830|096.473540|000.000000|000.000000|00.000000|000.000000|000.00|00.00
30.05.2023  23:22:39|S|000.000000|000.000000|003.265700|007.400160|121.140089|096.490930|000.000000|000.000000|00.000000|000.000000|000.00|00.00
30.05.2023  23:22:49|S|000.000000|000.000000|003.262600|007.400140|121.110852|096.467014|000.000000|000.000000|00.000000|000.000000|000.00|00.00
30.05.2023  23:22:59|S|000.000000|000.000000|003.262600|007.400160|121.153186|096.501643|000.000000|000.000000|00.000000|000.000000|000.00|00.00
30.05.2023  23:23:09|S|000.000000|000.000000|003.259500|007.400140|121.123970|096.477745|000.000000|000.000000|00.000000|000.000000|000.00|00.00
30.05.2023  23:23:19|S|000.000000|000.000000|003.256600|007.400140|121.136104|096.487670|000.000000|000.000000|00.000000|000.000000|000.00|00.00
30.05.2023  23:23:29|S|000.000000|000.000000|003.260600|007.400140|121.119234|096.473871|000.000000|000.000000|00.000000|000.000000|000.00|00.00
30.05.2023  23:23:39|S|000.000000|000.000000|003.264800|007.400140|121.101523|096.459384|000.000000|000.000000|00.000000|000.000000|000.00|00.00
30.05.2023  23:23:49|S|000.000000|000.000000|003.267500|007.400180|121.174753|096.519285|000.000000|000.000000|00.000000|000.000000|000.00|00.00
30.05.2023  23:23:59|S|000.000000|000.000000|003.264600|007.400180|121.187062|096.529353|000.000000|000.000000|00.000000|000.000000|000.00|00.00
30.05.2023  23:24:09|S|000.000000|000.000000|003.266800|007.400160|121.135421|096.487111|000.000000|000.000000|00.000000|000.000000|000.00|00.00
30.05.2023  23:24:19|S|000.000000|000.000000|003.267500|007.400160|121.132443|096.484675|000.000000|000.000000|00.000000|000.000000|000.00|00.00
30.05.2023  23:24:29|S|000.000000|000.000000|003.291700|007.400200|121.115053|096.470451|000.000000|000.000000|00.000000|000.000000|000.00|00.00
30.05.2023  23:24:39|S|000.000000|000.000000|003.295200|007.400200|121.100386|096.458454|000.000000|000.000000|00.000000|000.000000|000.00|00.00
30.05.2023  23:24:49|S|000.000000|000.000000|003.284700|007.400180|121.102344|096.460055|000.000000|000.000000|00.000000|000.000000|000.00|00.00
30.05.2023  23:24:59|S|000.000000|000.000000|003.275000|007.400160|121.100965|096.458927|000.000000|000.000000|00.000000|000.000000|000.00|00.00
30.05.2023  23:25:09|S|000.000000|000.000000|003.278200|007.400180|121.129755|096.482477|000.000000|000.000000|00.000000|000.000000|000.00|00.00
30.05.2023  23:25:19|S|000.000000|000.000000|003.290900|007.400200|121.118502|096.473272|000.000000|000.000000|00.000000|000.000000|000.00|00.00
30.05.2023  23:25:29|S|000.000000|000.000000|003.296500|007.400200|121.094903|096.453968|000.000000|000.000000|00.000000|000.000000|000.00|00.00
30.05.2023  23:25:39|S|000.000000|000.000000|003.290700|007.400180|121.077001|096.439325|000.000000|000.000000|00.000000|000.000000|000.00|00.00
30.05.2023  23:25:49|S|000.000000|000.000000|003.287300|007.400200|121.133744|096.485740|000.000000|000.000000|00.000000|000.000000|000.00|00.00
30.05.2023  23:25:59|S|000.000000|000.000000|003.295400|007.400220|121.141851|096.492371|000.000000|000.000000|00.000000|000.000000|000.00|00.00
30.05.2023  23:26:09|S|000.000000|000.000000|003.299000|007.400220|121.126651|096.479938|000.000000|000.000000|00.000000|000.000000|000.00|00.00
30.05.2023  23:26:19|S|000.000000|000.000000|003.302700|007.400240|121.153374|096.501796|000.000000|000.000000|00.000000|000.000000|000.00|00.00
30.05.2023  23:26:29|S|000.000000|000.000000|003.305700|007.400220|121.098438|096.456860|000.000000|000.000000|00.000000|000.000000|000.00|00.00
30.05.2023  23:26:39|S|000.000000|000.000000|003.315000|007.400240|121.101501|096.459366|000.000000|000.000000|00.000000|000.000000|000.00|00.00
30.05.2023  23:26:49|S|000.000000|000.000000|003.310500|007.400260|121.162823|096.509526|000.000000|000.000000|00.000000|000.000000|000.00|00.00
30.05.2023  23:26:59|S|000.000000|000.000000|003.301900|007.400240|121.156878|096.504663|000.000000|000.000000|00.000000|000.000000|000.00|00.00
30.05.2023  23:27:09|S|000.000000|000.000000|003.309000|007.400240|121.127006|096.480228|000.000000|000.000000|00.000000|000.000000|000.00|00.00
30.05.2023  23:27:19|S|000.000000|000.000000|003.319800|007.400280|121.166017|096.512139|000.000000|000.000000|00.000000|000.000000|000.00|00.00
30.05.2023  23:27:29|S|000.000000|000.000000|003.333600|007.400290|121.129025|096.481880|000.000000|000.000000|00.000000|000.000000|000.00|00.00
30.05.2023  23:27:39|S|000.000000|000.000000|003.317100|007.400270|121.156354|096.504234|000.000000|000.000000|00.000000|000.000000|000.00|00.00
30.05.2023  23:27:49|S|000.000000|000.000000|003.362100|007.400350|121.135759|096.487388|000.000000|000.000000|00.000000|000.000000|000.00|00.00
30.05.2023  23:27:59|S|000.000000|000.000000|003.374300|007.400370|121.126538|096.479845|000.000000|000.000000|00.000000|000.000000|000.00|00.00
30.05.2023  23:28:09|S|000.000000|000.000000|003.329000|007.400310|121.190667|096.532302|000.000000|000.000000|00.000000|000.000000|000.00|00.00
30.05.2023  23:28:19|S|000.000000|000.000000|003.237400|007.400150|121.238708|096.571599|000.000000|000.000000|00.000000|000.000000|000.00|00.00
30.05.2023  23:28:29|S|000.000000|000.000000|003.166600|007.399960|121.134858|096.486651|000.000000|000.000000|00.000000|000.000000|000.00|00.00
30.05.2023  23:28:39|S|000.000000|000.000000|003.163600|007.399990|121.211234|096.549125|000.000000|000.000000|00.000000|000.000000|000.00|00.00
30.05.2023  23:28:49|S|000.000000|000.000000|003.165400|007.399990|121.203587|096.542871|000.000000|000.000000|00.000000|000.000000|000.00|00.00
30.05.2023  23:28:59|S|000.000000|000.000000|003.169800|007.399990|121.185060|096.527716|000.000000|000.000000|00.000000|000.000000|000.00|00.00
30.05.2023  23:29:09|S|000.000000|000.000000|003.183200|007.400010|121.170911|096.516142|000.000000|000.000000|00.000000|000.000000|000.00|00.00
30.05.2023  23:29:19|S|000.000000|000.000000|003.159500|007.399960|121.164869|096.511200|000.000000|000.000000|00.000000|000.000000|000.00|00.00
30.05.2023  23:29:29|S|000.000000|000.000000|003.165300|007.399960|121.140385|096.491172|000.000000|000.000000|00.000000|000.000000|000.00|00.00
30.05.2023  23:29:39|S|000.000000|000.000000|003.242500|007.400130|121.174954|096.519449|000.000000|000.000000|00.000000|000.000000|000.00|00.00
30.05.2023  23:29:49|S|000.000000|000.000000|003.236400|007.400090|121.116092|096.471301|000.000000|000.000000|00.000000|000.000000|000.00|00.00
30.05.2023  23:29:59|S|000.000000|000.000000|003.272000|007.400200|121.198778|096.538937|000.000000|000.000000|00.000000|000.000000|000.00|00.00
30.05.2023  23:30:09|S|000.000000|000.000000|003.261300|007.400180|121.201612|096.541255|000.000000|000.000000|00.000000|000.000000|000.00|00.00
30.05.2023  23:30:19|S|000.000000|000.000000|003.246700|007.400150|121.199809|096.539780|000.000000|000.000000|00.000000|000.000000|000.00|00.00
30.05.2023  23:30:29|S|000.000000|000.000000|003.259300|007.400160|121.167831|096.513623|000.000000|000.000000|00.000000|000.000000|000.00|00.00
30.05.2023  23:30:39|S|000.000000|000.000000|003.228500|007.400110|121.191994|096.533388|000.000000|000.000000|00.000000|000.000000|000.00|00.00
30.05.2023  23:30:49|S|000.000000|000.000000|003.202200|007.400090|121.260723|096.589607|000.000000|000.000000|00.000000|000.000000|000.00|00.00
30.05.2023  23:30:59|S|000.000000|000.000000|003.125200|007.399920|121.225309|096.560639|000.000000|000.000000|00.000000|000.000000|000.00|00.00
30.05.2023  23:31:09|S|000.000000|000.000000|003.109300|007.399900|121.250191|096.580992|000.000000|000.000000|00.000000|000.000000|000.00|00.00
30.05.2023  23:31:19|S|000.000000|000.000000|003.096800|007.399880|121.260537|096.589455|000.000000|000.000000|00.000000|000.000000|000.00|00.00
30.05.2023  23:31:29|S|000.000000|000.000000|003.099700|007.399900|121.291001|096.614374|000.000000|000.000000|00.000000|000.000000|000.00|00.00
30.05.2023  23:31:39|S|000.000000|000.000000|003.095300|007.399900|121.309695|096.629665|000.000000|000.000000|00.000000|000.000000|000.00|00.00
30.05.2023  23:31:49|S|000.000000|000.000000|003.096900|007.399900|121.303104|096.624274|000.000000|000.000000|00.000000|000.000000|000.00|00.00
30.05.2023  23:31:59|S|000.000000|000.000000|003.097700|007.399880|121.257152|096.586686|000.000000|000.000000|00.000000|000.000000|000.00|00.00
30.05.2023  23:32:09|S|000.000000|000.000000|003.101800|007.399920|121.324945|096.642140|000.000000|000.000000|00.000000|000.000000|000.00|00.00
30.05.2023  23:32:19|S|000.000000|000.000000|003.096600|007.399900|121.304472|096.625393|000.000000|000.000000|00.000000|000.000000|000.00|00.00
30.05.2023  23:32:29|S|000.000000|000.000000|003.098700|007.399900|121.295644|096.618172|000.000000|000.000000|00.000000|000.000000|000.00|00.00
30.05.2023  23:32:39|S|000.000000|000.000000|003.099100|007.399900|121.294056|096.616873|000.000000|000.000000|00.000000|000.000000|000.00|00.00
30.05.2023  23:32:49|S|000.000000|000.000000|003.106600|007.399940|121.347370|096.660483|000.000000|000.000000|00.000000|000.000000|000.00|00.00
30.05.2023  23:32:59|S|000.000000|000.000000|003.094800|007.399920|121.354903|096.666644|000.000000|000.000000|00.000000|000.000000|000.00|00.00
30.05.2023  23:33:09|S|000.000000|000.000000|003.095500|007.399900|121.309345|096.629379|000.000000|000.000000|00.000000|000.000000|000.00|00.00
30.05.2023  23:33:19|S|000.000000|000.000000|003.089400|007.399900|121.335216|096.650541|000.000000|000.000000|00.000000|000.000000|000.00|00.00
30.05.2023  23:33:29|S|000.000000|000.000000|003.098600|007.399920|121.338797|096.653470|000.000000|000.000000|00.000000|000.000000|000.00|00.00
30.05.2023  23:33:39|S|000.000000|000.000000|003.093400|007.399900|121.318291|096.636697|000.000000|000.000000|00.000000|000.000000|000.00|00.00
30.05.2023  23:33:49|S|000.000000|000.000000|003.091300|007.399880|121.284499|096.609056|000.000000|000.000000|00.000000|000.000000|000.00|00.00
30.05.2023  23:33:59|S|000.000000|000.000000|003.091000|007.399880|121.285809|096.610127|000.000000|000.000000|00.000000|000.000000|000.00|00.00
30.05.2023  23:34:09|S|000.000000|000.000000|003.080500|007.399880|121.330197|096.646435|000.000000|000.000000|00.000000|000.000000|000.00|00.00
30.05.2023  23:34:19|S|000.000000|000.000000|003.079200|007.399850|121.271867|096.598722|000.000000|000.000000|00.000000|000.000000|000.00|00.00
30.05.2023  23:34:29|S|000.000000|000.000000|003.076300|007.399850|121.284186|096.608799|000.000000|000.000000|00.000000|000.000000|000.00|00.00
30.05.2023  23:34:39|S|000.000000|000.000000|003.078400|007.399880|121.339185|096.653788|000.000000|000.000000|00.000000|000.000000|000.00|00.00
30.05.2023  23:34:49|S|000.000000|000.000000|003.078400|007.399880|121.339272|096.653859|000.000000|000.000000|00.000000|000.000000|000.00|00.00
30.05.2023  23:34:59|S|000.000000|000.000000|003.087000|007.399900|121.345480|096.658937|000.000000|000.000000|00.000000|000.000000|000.00|00.00
30.05.2023  23:35:09|S|000.000000|000.000000|003.081800|007.399880|121.324837|096.642051|000.000000|000.000000|00.000000|000.000000|000.00|00.00
30.05.2023  23:35:19|S|000.000000|000.000000|003.084100|007.399900|121.357698|096.668931|000.000000|000.000000|00.000000|000.000000|000.00|00.00
30.05.2023  23:35:29|S|000.000000|000.000000|003.083500|007.399880|121.317683|096.636199|000.000000|000.000000|00.000000|000.000000|000.00|00.00
30.05.2023  23:35:39|S|000.000000|000.000000|003.080000|007.399900|121.375090|096.683158|000.000000|000.000000|00.000000|000.000000|000.00|00.00
30.05.2023  23:35:49|S|000.000000|000.000000|003.079700|007.399880|121.333757|096.649348|000.000000|000.000000|00.000000|000.000000|000.00|00.00
30.05.2023  23:35:59|S|000.000000|000.000000|003.077500|007.399880|121.343092|096.656984|000.000000|000.000000|00.000000|000.000000|000.00|00.00
30.05.2023  23:36:09|S|000.000000|000.000000|003.075300|007.399880|121.352450|096.664638|000.000000|000.000000|00.000000|000.000000|000.00|00.00
30.05.2023  23:36:19|S|000.000000|000.000000|003.081100|007.399900|121.370352|096.679282|000.000000|000.000000|00.000000|000.000000|000.00|00.00
30.05.2023  23:36:29|S|000.000000|000.000000|003.080900|007.399900|121.371314|096.680068|000.000000|000.000000|00.000000|000.000000|000.00|00.00
30.05.2023  23:36:39|S|000.000000|000.000000|003.089000|007.399920|121.379546|096.686803|000.000000|000.000000|00.000000|000.000000|000.00|00.00
30.05.2023  23:36:49|S|000.000000|000.000000|003.079500|007.399880|121.334804|096.650204|000.000000|000.000000|00.000000|000.000000|000.00|00.00
30.05.2023  23:36:59|S|000.000000|000.000000|003.073800|007.399880|121.358798|096.669831|000.000000|000.000000|00.000000|000.000000|000.00|00.00
30.05.2023  23:37:09|S|000.000000|000.000000|003.080900|007.399900|121.371205|096.679980|000.000000|000.000000|00.000000|000.000000|000.00|00.00
30.05.2023  23:37:19|S|000.000000|000.000000|003.085300|007.399920|121.395254|096.699651|000.000000|000.000000|00.000000|000.000000|000.00|00.00
30.05.2023  23:37:29|S|000.000000|000.000000|003.082800|007.399900|121.363245|096.673468|000.000000|000.000000|00.000000|000.000000|000.00|00.00
30.05.2023  23:37:39|S|000.000000|000.000000|003.086300|007.399900|121.348409|096.661333|000.000000|000.000000|00.000000|000.000000|000.00|00.00
30.05.2023  23:37:49|S|000.000000|000.000000|003.123400|007.399980|121.361504|096.672044|000.000000|000.000000|00.000000|000.000000|000.00|00.00
30.05.2023  23:37:59|S|000.000000|000.000000|003.147900|007.400030|121.364159|096.674216|000.000000|000.000000|00.000000|000.000000|000.00|00.00
30.05.2023  23:38:09|S|000.000000|000.000000|003.149700|007.400010|121.313829|096.633047|000.000000|000.000000|00.000000|000.000000|000.00|00.00
30.05.2023  23:38:19|S|000.000000|000.000000|003.150800|007.400000|121.287926|096.611858|000.000000|000.000000|00.000000|000.000000|000.00|00.00
30.05.2023  23:38:29|S|000.000000|000.000000|003.149800|007.400050|121.398473|096.702285|000.000000|000.000000|00.000000|000.000000|000.00|00.00
30.05.2023  23:38:39|S|000.000000|000.000000|003.151400|007.400050|121.391757|096.696791|000.000000|000.000000|00.000000|000.000000|000.00|00.00
30.05.2023  23:38:49|S|000.000000|000.000000|003.149900|007.400030|121.355755|096.667342|000.000000|000.000000|00.000000|000.000000|000.00|00.00
30.05.2023  23:38:59|S|000.000000|000.000000|003.150000|007.400050|121.397596|096.701567|000.000000|000.000000|00.000000|000.000000|000.00|00.00
30.05.2023  23:39:09|S|000.000000|000.000000|003.149600|007.400050|121.399297|096.702958|000.000000|000.000000|00.000000|000.000000|000.00|00.00
30.05.2023  23:39:19|S|000.000000|000.000000|003.150300|007.400050|121.396281|096.700491|000.000000|000.000000|00.000000|000.000000|000.00|00.00
30.05.2023  23:39:29|S|000.000000|000.000000|003.142900|007.400050|121.427793|096.726268|000.000000|000.000000|00.000000|000.000000|000.00|00.00
30.05.2023  23:39:39|S|000.000000|000.000000|003.134900|007.400020|121.397803|096.701737|000.000000|000.000000|00.000000|000.000000|000.00|00.00
30.05.2023  23:39:49|S|000.000000|000.000000|003.140500|007.400020|121.373950|096.682225|000.000000|000.000000|00.000000|000.000000|000.00|00.00
30.05.2023  23:39:59|S|000.000000|000.000000|003.137400|007.400020|121.387138|096.693012|000.000000|000.000000|00.000000|000.000000|000.00|00.00
30.05.2023  23:40:09|S|000.000000|000.000000|003.123200|007.400000|121.404855|096.707505|000.000000|000.000000|00.000000|000.000000|000.00|00.00
30.05.2023  23:40:19|S|000.000000|000.000000|003.122200|007.399980|121.366575|096.676192|000.000000|000.000000|00.000000|000.000000|000.00|00.00
30.05.2023  23:40:29|S|000.000000|000.000000|003.125600|007.400020|121.437263|096.734015|000.000000|000.000000|00.000000|000.000000|000.00|00.00
30.05.2023  23:40:39|S|000.000000|000.000000|003.134300|007.400000|121.357901|096.669097|000.000000|000.000000|00.000000|000.000000|000.00|00.00
30.05.2023  23:40:49|S|000.000000|000.000000|003.131000|007.400010|121.393116|096.697902|000.000000|000.000000|00.000000|000.000000|000.00|00.00
30.05.2023  23:40:59|S|000.000000|000.000000|003.129900|007.400000|121.376441|096.684263|000.000000|000.000000|00.000000|000.000000|000.00|00.00
30.05.2023  23:41:09|S|000.000000|000.000000|003.134300|007.400020|121.400465|096.703914|000.000000|000.000000|00.000000|000.000000|000.00|00.00
30.05.2023  23:41:19|S|000.000000|000.000000|003.130300|007.400030|121.438550|096.735067|000.000000|000.000000|00.000000|000.000000|000.00|00.00
30.05.2023  23:41:29|S|000.000000|000.000000|003.134000|007.400020|121.401759|096.704972|000.000000|000.000000|00.000000|000.000000|000.00|00.00
30.05.2023  23:41:39|S|000.000000|000.000000|003.134300|007.400020|121.400441|096.703895|000.000000|000.000000|00.000000|000.000000|000.00|00.00
30.05.2023  23:41:49|S|000.000000|000.000000|003.136700|007.400020|121.390276|096.695580|000.000000|000.000000|00.000000|000.000000|000.00|00.00
30.05.2023  23:41:59|S|000.000000|000.000000|003.137100|007.400020|121.388691|096.694283|000.000000|000.000000|00.000000|000.000000|000.00|00.00
30.05.2023  23:42:09|S|000.000000|000.000000|003.127100|007.400020|121.430979|096.728874|000.000000|000.000000|00.000000|000.000000|000.00|00.00
30.05.2023  23:42:19|S|000.000000|000.000000|003.132100|007.400030|121.430880|096.728793|000.000000|000.000000|00.000000|000.000000|000.00|00.00
30.05.2023  23:42:29|S|000.000000|000.000000|003.164900|007.400030|121.292138|096.615304|000.000000|000.000000|00.000000|000.000000|000.00|00.00
30.05.2023  23:42:39|S|000.000000|000.000000|003.166100|007.400050|121.329409|096.645791|000.000000|000.000000|00.000000|000.000000|000.00|00.00
30.05.2023  23:42:49|S|000.000000|000.000000|003.134000|007.400040|121.444084|096.739594|000.000000|000.000000|00.000000|000.000000|000.00|00.00
30.05.2023  23:42:59|S|000.000000|000.000000|003.137900|007.400020|121.385100|096.691345|000.000000|000.000000|00.000000|000.000000|000.00|00.00
30.05.2023  23:43:09|S|000.000000|000.000000|003.130900|007.400030|121.436023|096.733000|000.000000|000.000000|00.000000|000.000000|000.00|00.00
30.05.2023  23:43:19|S|000.000000|000.000000|003.132400|007.400040|121.450835|096.745116|000.000000|000.000000|00.000000|000.000000|000.00|00.00
30.05.2023  23:43:29|S|000.000000|000.000000|003.134600|007.400020|121.399045|096.702752|000.000000|000.000000|00.000000|000.000000|000.00|00.00
30.05.2023  23:43:39|S|000.000000|000.000000|003.133900|007.400050|121.465799|096.757357|000.000000|000.000000|00.000000|000.000000|000.00|00.00
30.05.2023  23:43:49|S|000.000000|000.000000|003.135500|007.400040|121.437841|096.734487|000.000000|000.000000|00.000000|000.000000|000.00|00.00
30.05.2023  23:43:59|S|000.000000|000.000000|003.144000|007.400030|121.380605|096.687669|000.000000|000.000000|00.000000|000.000000|000.00|00.00
30.05.2023  23:44:09|S|000.000000|000.000000|003.144100|007.400070|121.465169|096.756841|000.000000|000.000000|00.000000|000.000000|000.00|00.00
30.05.2023  23:44:19|S|000.000000|000.000000|003.135800|007.400040|121.436549|096.733430|000.000000|000.000000|00.000000|000.000000|000.00|00.00
30.05.2023  23:44:29|S|000.000000|000.000000|003.138500|007.400050|121.446311|096.741415|000.000000|000.000000|00.000000|000.000000|000.00|00.00
30.05.2023  23:44:39|S|000.000000|000.000000|003.139600|007.400060|121.463040|096.755100|000.000000|000.000000|00.000000|000.000000|000.00|00.00
30.05.2023  23:44:49|S|000.000000|000.000000|003.145000|007.400050|121.418834|096.718939|000.000000|000.000000|00.000000|000.000000|000.00|00.00
30.05.2023  23:44:59|S|000.000000|000.000000|003.151500|007.400070|121.433776|096.731161|000.000000|000.000000|00.000000|000.000000|000.00|00.00
30.05.2023  23:45:09|S|000.000000|000.000000|003.153000|007.400070|121.427271|096.725841|000.000000|000.000000|00.000000|000.000000|000.00|00.00
30.05.2023  23:45:19|S|000.000000|000.000000|003.153000|007.400070|121.427405|096.725951|000.000000|000.000000|00.000000|000.000000|000.00|00.00
30.05.2023  23:45:29|S|000.000000|000.000000|003.156700|007.400090|121.454121|096.747804|000.000000|000.000000|00.000000|000.000000|000.00|00.00
30.05.2023  23:45:39|S|000.000000|000.000000|003.157500|007.400090|121.450661|096.744974|000.000000|000.000000|00.000000|000.000000|000.00|00.00
30.05.2023  23:45:49|S|000.000000|000.000000|003.158700|007.400110|121.488139|096.775630|000.000000|000.000000|00.000000|000.000000|000.00|00.00
30.05.2023  23:45:59|S|000.000000|000.000000|003.160800|007.400090|121.436778|096.733618|000.000000|000.000000|00.000000|000.000000|000.00|00.00
30.05.2023  23:46:09|S|000.000000|000.000000|003.161800|007.400090|121.432559|096.730166|000.000000|000.000000|00.000000|000.000000|000.00|00.00
30.05.2023  23:46:19|S|000.000000|000.000000|003.158300|007.400090|121.447329|096.742248|000.000000|000.000000|00.000000|000.000000|000.00|00.00
30.05.2023  23:46:29|S|000.000000|000.000000|003.162000|007.400110|121.474178|096.764210|000.000000|000.000000|00.000000|000.000000|000.00|00.00
30.05.2023  23:46:39|S|000.000000|000.000000|003.159800|007.400110|121.483551|096.771877|000.000000|000.000000|00.000000|000.000000|000.00|00.00
30.05.2023  23:46:49|S|000.000000|000.000000|003.165400|007.400130|121.502257|096.787178|000.000000|000.000000|00.000000|000.000000|000.00|00.00
30.05.2023  23:46:59|S|000.000000|000.000000|003.168400|007.400110|121.447102|096.742062|000.000000|000.000000|00.000000|000.000000|000.00|00.00
30.05.2023  23:47:09|S|000.000000|000.000000|003.178000|007.400130|121.448830|096.743476|000.000000|000.000000|00.000000|000.000000|000.00|00.00
30.05.2023  23:47:19|S|000.000000|000.000000|003.179400|007.400150|121.485387|096.773379|000.000000|000.000000|00.000000|000.000000|000.00|00.00
30.05.2023  23:47:29|S|000.000000|000.000000|003.173800|007.400150|121.509037|096.792724|000.000000|000.000000|00.000000|000.000000|000.00|00.00
30.05.2023  23:47:39|S|000.000000|000.000000|003.172100|007.400130|121.473812|096.763910|000.000000|000.000000|00.000000|000.000000|000.00|00.00
30.05.2023  23:47:49|S|000.000000|000.000000|003.173800|007.400130|121.466705|096.758097|000.000000|000.000000|00.000000|000.000000|000.00|00.00
30.05.2023  23:47:59|S|000.000000|000.000000|003.182100|007.400150|121.473992|096.764058|000.000000|000.000000|00.000000|000.000000|000.00|00.00
30.05.2023  23:48:09|S|000.000000|000.000000|003.184500|007.400170|121.506284|096.790472|000.000000|000.000000|00.000000|000.000000|000.00|00.00
30.05.2023  23:48:19|S|000.000000|000.000000|003.185200|007.400150|121.460814|096.753279|000.000000|000.000000|00.000000|000.000000|000.00|00.00
30.05.2023  23:48:29|S|000.000000|000.000000|003.187700|007.400170|121.492625|096.779300|000.000000|000.000000|00.000000|000.000000|000.00|00.00
30.05.2023  23:48:39|S|000.000000|000.000000|003.169700|007.400130|121.484021|096.772262|000.000000|000.000000|00.000000|000.000000|000.00|00.00
30.05.2023  23:48:49|S|000.000000|000.000000|003.172500|007.400150|121.514606|096.797280|000.000000|000.000000|00.000000|000.000000|000.00|00.00
30.05.2023  23:48:59|S|000.000000|000.000000|003.185800|007.400150|121.458223|096.751160|000.000000|000.000000|00.000000|000.000000|000.00|00.00
30.05.2023  23:49:09|S|000.000000|000.000000|003.190200|007.400150|121.439596|096.735923|000.000000|000.000000|00.000000|000.000000|000.00|00.00
30.05.2023  23:49:19|S|000.000000|000.000000|003.189000|007.400170|121.487107|096.774786|000.000000|000.000000|00.000000|000.000000|000.00|00.00
30.05.2023  23:49:29|S|000.000000|000.000000|003.186100|007.400150|121.457025|096.750179|000.000000|000.000000|00.000000|000.000000|000.00|00.00
30.05.2023  23:49:39|S|000.000000|000.000000|003.165100|007.400110|121.461054|096.753475|000.000000|000.000000|00.000000|000.000000|000.00|00.00
30.05.2023  23:49:49|S|000.000000|000.000000|003.173900|007.400130|121.466138|096.757634|000.000000|000.000000|00.000000|000.000000|000.00|00.00
30.05.2023  23:49:59|S|000.000000|000.000000|003.181100|007.400150|121.478155|096.767463|000.000000|000.000000|00.000000|000.000000|000.00|00.00
30.05.2023  23:50:09|S|000.000000|000.000000|003.178600|007.400150|121.488876|096.776233|000.000000|000.000000|00.000000|000.000000|000.00|00.00
30.05.2023  23:50:19|S|000.000000|000.000000|003.180100|007.400150|121.482475|096.770997|000.000000|000.000000|00.000000|000.000000|000.00|00.00
30.05.2023  23:50:29|S|000.000000|000.000000|003.184000|007.400150|121.465966|096.757493|000.000000|000.000000|00.000000|000.000000|000.00|00.00
30.05.2023  23:50:39|S|000.000000|000.000000|003.184800|007.400170|121.504932|096.789366|000.000000|000.000000|00.000000|000.000000|000.00|00.00
30.05.2023  23:50:49|S|000.000000|000.000000|003.183600|007.400170|121.510123|096.793613|000.000000|000.000000|00.000000|000.000000|000.00|00.00
30.05.2023  23:50:59|S|000.000000|000.000000|003.196400|007.400170|121.455822|096.749195|000.000000|000.000000|00.000000|000.000000|000.00|00.00
30.05.2023  23:51:09|S|000.000000|000.000000|003.187000|007.400150|121.453140|096.747001|000.000000|000.000000|00.000000|000.000000|000.00|00.00
30.05.2023  23:51:19|S|000.000000|000.000000|003.196900|007.400170|121.453791|096.747534|000.000000|000.000000|00.000000|000.000000|000.00|00.00
30.05.2023  23:51:29|S|000.000000|000.000000|003.203800|007.400190|121.466919|096.758273|000.000000|000.000000|00.000000|000.000000|000.00|00.00
30.05.2023  23:51:39|S|000.000000|000.000000|003.204700|007.400170|121.420692|096.720459|000.000000|000.000000|00.000000|000.000000|000.00|00.00
30.05.2023  23:51:49|S|000.000000|000.000000|003.195700|007.400190|121.501264|096.786366|000.000000|000.000000|00.000000|000.000000|000.00|00.00
30.05.2023  23:51:59|S|000.000000|000.000000|003.197900|007.400190|121.491858|096.778672|000.000000|000.000000|00.000000|000.000000|000.00|00.00
30.05.2023  23:52:09|S|000.000000|000.000000|003.198800|007.400190|121.488092|096.775592|000.000000|000.000000|00.000000|000.000000|000.00|00.00
30.05.2023  23:52:19|S|000.000000|000.000000|003.194200|007.400190|121.507600|096.791549|000.000000|000.000000|00.000000|000.000000|000.00|00.00
30.05.2023  23:52:29|S|000.000000|000.000000|003.193100|007.400190|121.512200|096.795311|000.000000|000.000000|00.000000|000.000000|000.00|00.00
30.05.2023  23:52:39|S|000.000000|000.000000|003.193200|007.400210|121.554176|096.829647|000.000000|000.000000|00.000000|000.000000|000.00|00.00
30.05.2023  23:52:49|S|000.000000|000.000000|003.191800|007.400170|121.475293|096.765122|000.000000|000.000000|00.000000|000.000000|000.00|00.00
30.05.2023  23:52:59|S|000.000000|000.000000|003.190800|007.400190|121.521974|096.803306|000.000000|000.000000|00.000000|000.000000|000.00|00.00
30.05.2023  23:53:09|S|000.000000|000.000000|003.191000|007.400190|121.521146|096.802629|000.000000|000.000000|00.000000|000.000000|000.00|00.00
30.05.2023  23:53:19|S|000.000000|000.000000|003.190000|007.400170|121.482919|096.771360|000.000000|000.000000|00.000000|000.000000|000.00|00.00
30.05.2023  23:53:29|S|000.000000|000.000000|003.190800|007.400170|121.479610|096.768653|000.000000|000.000000|00.000000|000.000000|000.00|00.00
30.05.2023  23:53:39|S|000.000000|000.000000|003.181500|007.400190|121.561336|096.835504|000.000000|000.000000|00.000000|000.000000|000.00|00.00
30.05.2023  23:53:49|S|000.000000|000.000000|003.182100|007.400170|121.516430|096.798772|000.000000|000.000000|00.000000|000.000000|000.00|00.00
30.05.2023  23:53:59|S|000.000000|000.000000|003.185700|007.400190|121.543598|096.820995|000.000000|000.000000|00.000000|000.000000|000.00|00.00
30.05.2023  23:54:09|S|000.000000|000.000000|003.184300|007.400170|121.507083|096.791126|000.000000|000.000000|00.000000|000.000000|000.00|00.00
30.05.2023  23:54:19|S|000.000000|000.000000|003.181700|007.400170|121.518095|096.800134|000.000000|000.000000|00.000000|000.000000|000.00|00.00
30.05.2023  23:54:29|S|000.000000|000.000000|003.184200|007.400170|121.507495|096.791463|000.000000|000.000000|00.000000|000.000000|000.00|00.00
30.05.2023  23:54:39|S|000.000000|000.000000|003.183400|007.400190|121.553295|096.828926|000.000000|000.000000|00.000000|000.000000|000.00|00.00
30.05.2023  23:54:49|S|000.000000|000.000000|003.179400|007.400170|121.527849|096.808112|000.000000|000.000000|00.000000|000.000000|000.00|00.00
30.05.2023  23:54:59|S|000.000000|000.000000|003.179700|007.400150|121.484180|096.772392|000.000000|000.000000|00.000000|000.000000|000.00|00.00
30.05.2023  23:55:09|S|000.000000|000.000000|003.180400|007.400170|121.523610|096.804645|000.000000|000.000000|00.000000|000.000000|000.00|00.00
30.05.2023  23:55:19|S|000.000000|000.000000|003.181800|007.400170|121.517703|096.799813|000.000000|000.000000|00.000000|000.000000|000.00|00.00
30.05.2023  23:55:29|S|000.000000|000.000000|003.183800|007.400170|121.509127|096.792798|000.000000|000.000000|00.000000|000.000000|000.00|00.00
30.05.2023  23:55:40|S|000.000000|000.000000|003.184900|007.400170|121.504588|096.789085|000.000000|000.000000|00.000000|000.000000|000.00|00.00
30.05.2023  23:55:49|S|000.000000|000.000000|003.184800|007.400170|121.504994|096.789417|000.000000|000.000000|00.000000|000.000000|000.00|00.00
30.05.2023  23:55:59|S|000.000000|000.000000|003.192400|007.400190|121.515314|096.797858|000.000000|000.000000|00.000000|000.000000|000.00|00.00
30.05.2023  23:56:09|S|000.000000|000.000000|003.192900|007.400190|121.513280|096.796195|000.000000|000.000000|00.000000|000.000000|000.00|00.00
30.05.2023  23:56:19|S|000.000000|000.000000|003.187900|007.400190|121.534344|096.813425|000.000000|000.000000|00.000000|000.000000|000.00|00.00
30.05.2023  23:56:29|S|000.000000|000.000000|003.188400|007.400190|121.532162|096.811641|000.000000|000.000000|00.000000|000.000000|000.00|00.00
30.05.2023  23:56:39|S|000.000000|000.000000|003.189100|007.400190|121.529221|096.809234|000.000000|000.000000|00.000000|000.000000|000.00|00.00
30.05.2023  23:56:49|S|000.000000|000.000000|003.190400|007.400190|121.523730|096.804743|000.000000|000.000000|00.000000|000.000000|000.00|00.00
30.05.2023  23:56:59|S|000.000000|000.000000|003.190600|007.400190|121.522828|096.804005|000.000000|000.000000|00.000000|000.000000|000.00|00.00
30.05.2023  23:57:09|S|000.000000|000.000000|003.192100|007.400190|121.516522|096.798847|000.000000|000.000000|00.000000|000.000000|000.00|00.00
30.05.2023  23:57:19|S|000.000000|000.000000|003.190800|007.400190|121.521976|096.803308|000.000000|000.000000|00.000000|000.000000|000.00|00.00
30.05.2023  23:57:29|S|000.000000|000.000000|003.199000|007.400190|121.487296|096.774940|000.000000|000.000000|00.000000|000.000000|000.00|00.00
30.05.2023  23:57:39|S|000.000000|000.000000|003.192200|007.400210|121.558434|096.833130|000.000000|000.000000|00.000000|000.000000|000.00|00.00
30.05.2023  23:57:49|S|000.000000|000.000000|003.190900|007.400190|121.521610|096.803009|000.000000|000.000000|00.000000|000.000000|000.00|00.00
30.05.2023  23:57:59|S|000.000000|000.000000|003.192300|007.400190|121.515679|096.798157|000.000000|000.000000|00.000000|000.000000|000.00|00.00
30.05.2023  23:58:09|S|000.000000|000.000000|003.193600|007.400210|121.552625|096.828379|000.000000|000.000000|00.000000|000.000000|000.00|00.00
30.05.2023  23:58:19|S|000.000000|000.000000|003.196000|007.400190|121.499978|096.785314|000.000000|000.000000|00.000000|000.000000|000.00|00.00
30.05.2023  23:58:29|S|000.000000|000.000000|003.196200|007.400190|121.499197|096.784675|000.000000|000.000000|00.000000|000.000000|000.00|00.00
30.05.2023  23:58:39|S|000.000000|000.000000|003.198900|007.400210|121.530095|096.809949|000.000000|000.000000|00.000000|000.000000|000.00|00.00
30.05.2023  23:58:49|S|000.000000|000.000000|003.199800|007.400210|121.526336|096.806874|000.000000|000.000000|00.000000|000.000000|000.00|00.00
30.05.2023  23:58:59|S|000.000000|000.000000|003.199600|007.400210|121.527155|096.807545|000.000000|000.000000|00.000000|000.000000|000.00|00.00
30.05.2023  23:59:09|S|000.000000|000.000000|003.198500|007.400210|121.531835|096.811373|000.000000|000.000000|00.000000|000.000000|000.00|00.00
30.05.2023  23:59:19|S|000.000000|000.000000|003.197300|007.400230|121.579275|096.850178|000.000000|000.000000|00.000000|000.000000|000.00|00.00
30.05.2023  23:59:29|S|000.000000|000.000000|003.199400|007.400230|121.570424|096.842938|000.000000|000.000000|00.000000|000.000000|000.00|00.00
30.05.2023  23:59:39|S|000.000000|000.000000|003.201300|007.400210|121.519958|096.801658|000.000000|000.000000|00.000000|000.000000|000.00|00.00
30.05.2023  23:59:49|S|000.000000|000.000000|003.202100|007.400210|121.516534|096.798857|000.000000|000.000000|00.000000|000.000000|000.00|00.00
30.05.2023  23:59:59|S|000.000000|000.000000|003.201500|007.400230|121.561594|096.835716|000.000000|000.000000|00.000000|000.000000|000.00|00.00
