DateTime|TF|SurfTermo|SurfTermoEqu|TermoSBE|ConductSBE|ScSBE|ScSBEequ|WaterIR|AirIR|Lat|Lon|Speed|Cours
31.05.2023  15:59:09|S|000.000000|000.000000|002.297400|007.398770|122.289249|122.289249|000.000000|000.000000|00.000000|000.000000|000.00|00.00
31.05.2023  15:59:19|S|000.000000|000.000000|002.274100|007.398740|122.324581|122.324581|000.000000|000.000000|00.000000|000.000000|000.00|00.00
31.05.2023  15:59:29|S|000.000000|000.000000|002.264500|007.398720|122.322434|122.322434|000.000000|000.000000|00.000000|000.000000|000.00|00.00
31.05.2023  15:59:39|S|000.000000|000.000000|002.293600|007.398770|122.305677|122.305677|000.000000|000.000000|00.000000|000.000000|000.00|00.00
31.05.2023  15:59:49|S|000.000000|000.000000|002.280400|007.398740|122.297288|122.297288|000.000000|000.000000|00.000000|000.000000|000.00|00.00
31.05.2023  15:59:59|S|000.000000|000.000000|002.269200|007.398740|122.345851|122.345851|000.000000|000.000000|00.000000|000.000000|000.00|00.00
31.05.2023  16:00:09|S|000.000000|000.000000|002.268800|007.398730|122.325703|122.325703|000.000000|000.000000|00.000000|000.000000|000.00|00.00
31.05.2023  16:00:19|S|000.000000|000.000000|002.270700|007.398740|122.339389|122.339389|000.000000|000.000000|00.000000|000.000000|000.00|00.00
31.05.2023  16:00:29|S|000.000000|000.000000|002.262300|007.398700|122.288128|122.288128|000.000000|000.000000|00.000000|000.000000|000.00|00.00
31.05.2023  16:00:39|S|000.000000|000.000000|002.245100|007.398670|122.297033|122.297033|000.000000|000.000000|00.000000|000.000000|000.00|00.00
31.05.2023  16:00:49|S|000.000000|000.000000|002.255300|007.398700|122.318514|122.318514|000.000000|000.000000|00.000000|000.000000|000.00|00.00
31.05.2023  16:00:59|S|000.000000|000.000000|002.252900|007.398690|122.307011|122.307011|000.000000|000.000000|00.000000|000.000000|000.00|00.00
31.05.2023  16:01:09|S|000.000000|000.000000|002.254500|007.398680|122.278195|122.278195|000.000000|000.000000|00.000000|000.000000|000.00|00.00
31.05.2023  16:01:19|S|000.000000|000.000000|002.237600|007.398660|122.307642|122.307642|000.000000|000.000000|00.000000|000.000000|000.00|00.00
31.05.2023  16:01:29|S|000.000000|000.000000|002.240600|007.398670|122.316560|122.316560|000.000000|000.000000|00.000000|000.000000|000.00|00.00
31.05.2023  16:01:39|S|000.000000|000.000000|002.239700|007.398650|122.276660|122.276660|000.000000|000.000000|00.000000|000.000000|000.00|00.00
31.05.2023  16:01:49|S|000.000000|000.000000|002.238100|007.398660|122.305485|122.305485|000.000000|000.000000|00.000000|000.000000|000.00|00.00
31.05.2023  16:01:59|S|000.000000|000.000000|002.246900|007.398660|122.267352|122.267352|000.000000|000.000000|00.000000|000.000000|000.00|00.00
31.05.2023  16:02:09|S|000.000000|000.000000|002.247800|007.398640|122.219609|122.219609|000.000000|000.000000|00.000000|000.000000|000.00|00.00
31.05.2023  16:02:19|S|000.000000|000.000000|002.230500|007.398620|122.250754|122.250754|000.000000|000.000000|00.000000|000.000000|000.00|00.00
31.05.2023  16:02:29|S|000.000000|000.000000|002.264300|007.398700|122.279541|122.279541|000.000000|000.000000|00.000000|000.000000|000.00|00.00
31.05.2023  16:02:39|S|000.000000|000.000000|002.216300|007.398590|122.246588|122.246588|000.000000|000.000000|00.000000|000.000000|000.00|00.00
31.05.2023  16:02:49|S|000.000000|000.000000|002.256200|007.398650|122.205150|122.205150|000.000000|000.000000|00.000000|000.000000|000.00|00.00
31.05.2023  16:02:59|S|000.000000|000.000000|002.226300|007.398620|122.269011|122.269011|000.000000|000.000000|00.000000|000.000000|000.00|00.00
31.05.2023  16:03:09|S|000.000000|000.000000|002.221900|007.398600|122.244198|122.244198|000.000000|000.000000|00.000000|000.000000|000.00|00.00
31.05.2023  16:03:19|S|000.000000|000.000000|002.235800|007.398620|122.227766|122.227766|000.000000|000.000000|00.000000|000.000000|000.00|00.00
31.05.2023  16:03:29|S|000.000000|000.000000|002.239500|007.398640|122.255561|122.255561|000.000000|000.000000|00.000000|000.000000|000.00|00.00
31.05.2023  16:03:39|S|000.000000|000.000000|002.261100|007.398680|122.249589|122.249589|000.000000|000.000000|00.000000|000.000000|000.00|00.00
31.05.2023  16:03:49|S|000.000000|000.000000|002.236000|007.398640|122.270797|122.270797|000.000000|000.000000|00.000000|000.000000|000.00|00.00
31.05.2023  16:03:59|S|000.000000|000.000000|002.247400|007.398620|122.177531|122.177531|000.000000|000.000000|00.000000|000.000000|000.00|00.00
31.05.2023  16:04:09|S|000.000000|000.000000|002.246800|007.398640|122.223941|122.223941|000.000000|000.000000|00.000000|000.000000|000.00|00.00
31.05.2023  16:04:19|S|000.000000|000.000000|002.252000|007.398660|122.245255|122.245255|000.000000|000.000000|00.000000|000.000000|000.00|00.00
31.05.2023  16:04:29|S|000.000000|000.000000|002.249800|007.398600|122.123315|122.123315|000.000000|000.000000|00.000000|000.000000|000.00|00.00
31.05.2023  16:04:39|S|000.000000|000.000000|002.255700|007.398660|122.229189|122.229189|000.000000|000.000000|00.000000|000.000000|000.00|00.00
31.05.2023  16:04:49|S|000.000000|000.000000|002.252400|007.398640|122.199614|122.199614|000.000000|000.000000|00.000000|000.000000|000.00|00.00
31.05.2023  16:04:59|S|000.000000|000.000000|002.257500|007.398650|122.199483|122.199483|000.000000|000.000000|00.000000|000.000000|000.00|00.00
31.05.2023  16:05:09|S|000.000000|000.000000|002.257300|007.398680|122.266042|122.266042|000.000000|000.000000|00.000000|000.000000|000.00|00.00
31.05.2023  16:05:19|S|000.000000|000.000000|002.261000|007.398670|122.228127|122.228127|000.000000|000.000000|00.000000|000.000000|000.00|00.00
31.05.2023  16:05:29|S|000.000000|000.000000|002.245400|007.398630|122.208093|122.208093|000.000000|000.000000|00.000000|000.000000|000.00|00.00
31.05.2023  16:05:39|S|000.000000|000.000000|002.238900|007.398620|122.214378|122.214378|000.000000|000.000000|00.000000|000.000000|000.00|00.00
31.05.2023  16:05:49|S|000.000000|000.000000|002.247900|007.398620|122.175337|122.175337|000.000000|000.000000|00.000000|000.000000|000.00|00.00
31.05.2023  16:05:59|S|000.000000|000.000000|002.249900|007.398640|122.210503|122.210503|000.000000|000.000000|00.000000|000.000000|000.00|00.00
31.05.2023  16:06:09|S|000.000000|000.000000|002.239000|007.398620|122.213966|122.213966|000.000000|000.000000|00.000000|000.000000|000.00|00.00
31.05.2023  16:06:19|S|000.000000|000.000000|002.241300|007.398620|122.204057|122.204057|000.000000|000.000000|00.000000|000.000000|000.00|00.00
31.05.2023  16:06:29|S|000.000000|000.000000|002.252400|007.398600|122.112095|122.112095|000.000000|000.000000|00.000000|000.000000|000.00|00.00
31.05.2023  16:06:39|S|000.000000|000.000000|002.221400|007.398580|122.202539|122.202539|000.000000|000.000000|00.000000|000.000000|000.00|00.00
31.05.2023  16:06:49|S|000.000000|000.000000|002.241700|007.398620|122.202226|122.202226|000.000000|000.000000|00.000000|000.000000|000.00|00.00
31.05.2023  16:06:59|S|000.000000|000.000000|002.272900|007.398660|122.154696|122.154696|000.000000|000.000000|00.000000|000.000000|000.00|00.00
31.05.2023  16:07:09|S|000.000000|000.000000|002.257000|007.398660|122.223567|122.223567|000.000000|000.000000|00.000000|000.000000|000.00|00.00
31.05.2023  16:07:19|S|000.000000|000.000000|002.252900|007.398650|122.219431|122.219431|000.000000|000.000000|00.000000|000.000000|000.00|00.00
31.05.2023  16:07:29|S|000.000000|000.000000|002.244700|007.398630|122.211084|122.211084|000.000000|000.000000|00.000000|000.000000|000.00|00.00
31.05.2023  16:07:39|S|000.000000|000.000000|002.267100|007.398680|122.223569|122.223569|000.000000|000.000000|00.000000|000.000000|000.00|00.00
31.05.2023  16:07:49|S|000.000000|000.000000|002.275400|007.398680|122.187662|122.187662|000.000000|000.000000|00.000000|000.000000|000.00|00.00
31.05.2023  16:07:59|S|000.000000|000.000000|002.283800|007.398700|122.195093|122.195093|000.000000|000.000000|00.000000|000.000000|000.00|00.00
31.05.2023  16:08:09|S|000.000000|000.000000|002.275100|007.398680|122.188988|122.188988|000.000000|000.000000|00.000000|000.000000|000.00|00.00
31.05.2023  16:08:19|S|000.000000|000.000000|002.283500|007.398710|122.218263|122.218263|000.000000|000.000000|00.000000|000.000000|000.00|00.00
31.05.2023  16:08:29|S|000.000000|000.000000|002.295900|007.398740|122.230199|122.230199|000.000000|000.000000|00.000000|000.000000|000.00|00.00
31.05.2023  16:08:39|S|000.000000|000.000000|002.310900|007.398770|122.230864|122.230864|000.000000|000.000000|00.000000|000.000000|000.00|00.00
31.05.2023  16:08:49|S|000.000000|000.000000|002.308700|007.398810|122.327823|122.327823|000.000000|000.000000|00.000000|000.000000|000.00|00.00
31.05.2023  16:08:59|S|000.000000|000.000000|002.314100|007.398830|122.348159|122.348159|000.000000|000.000000|00.000000|000.000000|000.00|00.00
31.05.2023  16:09:09|S|000.000000|000.000000|002.317800|007.398830|122.332137|122.332137|000.000000|000.000000|00.000000|000.000000|000.00|00.00
31.05.2023  16:09:19|S|000.000000|000.000000|002.312600|007.398850|122.398397|122.398397|000.000000|000.000000|00.000000|000.000000|000.00|00.00
31.05.2023  16:09:29|S|000.000000|000.000000|002.320700|007.398870|122.407023|122.407023|000.000000|000.000000|00.000000|000.000000|000.00|00.00
31.05.2023  16:09:39|S|000.000000|000.000000|002.323300|007.398850|122.352065|122.352065|000.000000|000.000000|00.000000|000.000000|000.00|00.00
31.05.2023  16:09:49|S|000.000000|000.000000|002.312600|007.398850|122.398399|122.398399|000.000000|000.000000|00.000000|000.000000|000.00|00.00
31.05.2023  16:09:59|S|000.000000|000.000000|002.297900|007.398830|122.418350|122.418350|000.000000|000.000000|00.000000|000.000000|000.00|00.00
